<?xml version="1.0" encoding="UTF-8"?>
<!-- Generated by org.testng.reporters.JUnitReportReporter -->
<testsuite skipped="0" hostname="Keshav-PC" name="testcase.BankManagerLoginTest" tests="1" failures="0" timestamp="28 Nov 2018 15:23:22 GMT" time="2.542" errors="0">
  <testcase name="loginAsBankManager" time="2.542" classname="testcase.BankManagerLoginTest"/>
</testsuite> <!-- testcase.BankManagerLoginTest -->
