<?xml version="1.0" encoding="UTF-8"?>
<!-- Generated by org.testng.reporters.JUnitReportReporter -->
<testsuite skipped="0" hostname="Keshav-PC" name="testcase.AddCustomerTest" tests="4" failures="0" timestamp="28 Nov 2018 15:23:22 GMT" time="1.316" errors="0">
  <testcase name="addACustomer" time="0.591" classname="testcase.AddCustomerTest"/>
  <testcase name="addACustomer" time="0.288" classname="testcase.AddCustomerTest"/>
  <testcase name="addACustomer" time="0.218" classname="testcase.AddCustomerTest"/>
  <testcase name="addACustomer" time="0.219" classname="testcase.AddCustomerTest"/>
</testsuite> <!-- testcase.AddCustomerTest -->
