<?xml version="1.0" encoding="UTF-8"?>
<!-- Generated by org.testng.reporters.JUnitReportReporter -->
<testsuite skipped="0" hostname="Keshav-PC" name="testcase.AddCustomerTest" tests="4" failures="0" timestamp="01 Jul 2018 11:05:36 GMT" time="2.082" errors="0">
  <testcase name="addACustomer" time="0.249" classname="testcase.AddCustomerTest"/>
  <testcase name="addACustomer" time="0.810" classname="testcase.AddCustomerTest"/>
  <testcase name="addACustomer" time="0.807" classname="testcase.AddCustomerTest"/>
  <testcase name="addACustomer" time="0.216" classname="testcase.AddCustomerTest"/>
</testsuite> <!-- testcase.AddCustomerTest -->
