<?xml version="1.0" encoding="UTF-8"?>
<!-- Generated by org.testng.reporters.JUnitReportReporter -->
<testsuite skipped="0" hostname="Keshav-PC" name="testcase.AddCustomerTest" tests="4" failures="0" timestamp="01 Jul 2018 08:04:22 GMT" time="1.972" errors="0">
  <testcase name="addACustomer" time="0.272" classname="testcase.AddCustomerTest"/>
  <testcase name="addACustomer" time="1.216" classname="testcase.AddCustomerTest"/>
  <testcase name="addACustomer" time="0.211" classname="testcase.AddCustomerTest"/>
  <testcase name="addACustomer" time="0.273" classname="testcase.AddCustomerTest"/>
</testsuite> <!-- testcase.AddCustomerTest -->
