<?xml version="1.0" encoding="UTF-8"?>
<!-- Generated by org.testng.reporters.JUnitReportReporter -->
<testsuite skipped="0" hostname="Keshav-PC" name="testcase.BankManagerLoginTest" tests="1" failures="0" timestamp="20 Nov 2018 16:48:22 GMT" time="0.258" errors="0">
  <testcase name="loginAsBankManager" time="0.258" classname="testcase.BankManagerLoginTest"/>
</testsuite> <!-- testcase.BankManagerLoginTest -->
