<?xml version="1.0" encoding="UTF-8"?>
<!-- Generated by org.testng.reporters.JUnitReportReporter -->
<testsuite skipped="0" hostname="Keshav-PC" name="testcase.AddCustomerTest" tests="4" failures="0" timestamp="07 Nov 2018 14:56:29 GMT" time="1.812" errors="0">
  <testcase name="addACustomer" time="0.965" classname="testcase.AddCustomerTest"/>
  <testcase name="addACustomer" time="0.299" classname="testcase.AddCustomerTest"/>
  <testcase name="addACustomer" time="0.270" classname="testcase.AddCustomerTest"/>
  <testcase name="addACustomer" time="0.278" classname="testcase.AddCustomerTest"/>
</testsuite> <!-- testcase.AddCustomerTest -->
