<?xml version="1.0" encoding="UTF-8"?>
<!-- Generated by org.testng.reporters.JUnitReportReporter -->
<testsuite skipped="0" hostname="Keshav-PC" name="testcase.AddCustomerTest" tests="4" failures="0" timestamp="20 Nov 2018 16:48:22 GMT" time="0.649" errors="0">
  <testcase name="addACustomer" time="0.250" classname="testcase.AddCustomerTest"/>
  <testcase name="addACustomer" time="0.127" classname="testcase.AddCustomerTest"/>
  <testcase name="addACustomer" time="0.135" classname="testcase.AddCustomerTest"/>
  <testcase name="addACustomer" time="0.137" classname="testcase.AddCustomerTest"/>
</testsuite> <!-- testcase.AddCustomerTest -->
