<?xml version="1.0" encoding="UTF-8"?>
<!-- Generated by org.testng.reporters.JUnitReportReporter -->
<testsuite skipped="0" hostname="Keshav-PC" name="testcase.AddCustomerTest" tests="4" failures="0" timestamp="06 May 2018 17:51:54 GMT" time="4.217" errors="0">
  <testcase name="addACustomer" time="0.326" classname="testcase.AddCustomerTest"/>
  <testcase name="addACustomer" time="0.338" classname="testcase.AddCustomerTest"/>
  <testcase name="addACustomer" time="0.397" classname="testcase.AddCustomerTest"/>
  <testcase name="addACustomer" time="3.156" classname="testcase.AddCustomerTest"/>
</testsuite> <!-- testcase.AddCustomerTest -->
