<?xml version="1.0" encoding="UTF-8"?>
<!-- Generated by org.testng.reporters.JUnitReportReporter -->
<testsuite skipped="0" hostname="Keshav-PC" name="testcase.BankManagerLoginTest" tests="1" failures="0" timestamp="06 May 2018 17:51:54 GMT" time="0.252" errors="0">
  <testcase name="loginAsBankManager" time="0.252" classname="testcase.BankManagerLoginTest"/>
</testsuite> <!-- testcase.BankManagerLoginTest -->
