<?xml version="1.0" encoding="UTF-8"?>
<!-- Generated by org.testng.reporters.JUnitReportReporter -->
<testsuite skipped="0" hostname="Keshav-PC" name="testcase.BankManagerLoginTest" tests="1" failures="0" timestamp="07 Nov 2018 14:56:29 GMT" time="1.223" errors="0">
  <testcase name="loginAsBankManager" time="1.223" classname="testcase.BankManagerLoginTest"/>
</testsuite> <!-- testcase.BankManagerLoginTest -->
